<?xml version="1.0" encoding="UTF-8"?>
<!-- Generated by org.testng.reporters.JUnitXMLReporter -->
<testsuite ignored="1" hostname="LAPTOP-LQ6GVMLE" failures="1" tests="2" name="CarLoan" time="0.014" errors="0" timestamp="2025-08-12T22:44:02 IST">
  <testcase classname="TestngDemo.CarDemo" name="CarLaonLogin" time="0.0">
    <failure type="org.testng.TestNGException" message="
Parameter &amp;apos;URL&amp;apos; is required by @Test on method CarLaonLogin but has not been marked @Optional or defined
in C:\Users\khateeja pasha\Selenium2025Practice\PracticeProjectSelenium\testng.xml">
      <![CDATA[org.testng.TestNGException: 
Parameter 'URL' is required by @Test on method CarLaonLogin but has not been marked @Optional or defined
in C:\Users\khateeja pasha\Selenium2025Practice\PracticeProjectSelenium\testng.xml
at java.base/java.util.ArrayList.forEach(ArrayList.java:1596)
... Removed 26 stack frames]]>
    </failure>
  </testcase> <!-- CarLaonLogin -->
  <testcase classname="TestngDemo.CarDemo" name="CarLoanMobile" time="0.001"/>
  <testcase classname="TestngDemo.CarDemo" name="CarLoanDemo" time="0.0">
    <ignored/>
  </testcase> <!-- CarLoanDemo -->
</testsuite> <!-- CarLoan -->
